Remove Pin=*1-9 From Net=SDIO_NC
Remove Pin=1-1 From Net=PE2
Remove Pin=1-2 From Net=PE3
Remove Pin=1-3 From Net=PE4
Remove Pin=1-4 From Net=PE5
Remove Pin=1-5 From Net=PE6
Remove Pin=1-6 From Net=VBTA
Remove Pin=1-9 From Net=PC15
Remove Pin=1-15 From Net=PC0
Remove Pin=1-16 From Net=PC1
Remove Pin=1-17 From Net=PC2
Remove Pin=1-18 From Net=PC3
Remove Pin=1-23 From Net=PA0/WK_UP
Remove Pin=1-24 From Net=PA1
Remove Pin=1-25 From Net=PA2
Remove Pin=1-26 From Net=PA3
Remove Pin=1-29 From Net=PA4
Remove Pin=1-30 From Net=PA5
Remove Pin=1-31 From Net=PA6
Remove Pin=1-32 From Net=PA7
Remove Pin=1-33 From Net=PC4
Remove Pin=1-34 From Net=PC5
Remove Pin=1-35 From Net=PB0
Remove Pin=1-36 From Net=PB1
Remove Pin=1-37 From Net=PB2/BOOT1
Remove Pin=1-38 From Net=PE7
Remove Pin=1-39 From Net=PE8
Remove Pin=1-40 From Net=PE9
Remove Pin=1-41 From Net=PE10
Remove Pin=1-42 From Net=PE11
Remove Pin=1-43 From Net=PE12
Remove Pin=1-44 From Net=PE13
Remove Pin=1-45 From Net=PE14
Remove Pin=1-46 From Net=PE15
Remove Pin=1-47 From Net=PB10
Remove Pin=1-48 From Net=PB11
Remove Pin=1-55 From Net=PD8
Remove Pin=1-56 From Net=PD9
Remove Pin=1-57 From Net=PD10
Remove Pin=1-58 From Net=PD11
Remove Pin=1-59 From Net=PD12
Remove Pin=1-60 From Net=PD13
Remove Pin=1-61 From Net=PD14
Remove Pin=1-62 From Net=PC0
Remove Pin=1-63 From Net=PC6
Remove Pin=1-64 From Net=PC7
Remove Pin=1-67 From Net=PA8
Remove Pin=1-68 From Net=PA9/TXD1
Remove Pin=1-69 From Net=PA10/RXD1
Remove Pin=1-70 From Net=PA11/USB_DM
Remove Pin=1-71 From Net=PA12/USB_DP
Remove Pin=1-72 From Net=PA13_SWDIO
Remove Pin=1-76 From Net=PA14_SWCLK
Remove Pin=1-81 From Net=PD0
Remove Pin=1-82 From Net=PD1
Remove Pin=1-84 From Net=PD3
Remove Pin=1-85 From Net=PD4
Remove Pin=1-86 From Net=PD5
Remove Pin=1-87 From Net=PD6
Remove Pin=1-88 From Net=PD7
Remove Pin=1-92 From Net=PB6
Remove Pin=1-93 From Net=PB7
Remove Pin=1-95 From Net=PB8
Remove Pin=1-96 From Net=PB9
Remove Pin=1-97 From Net=PE0
Remove Pin=1-98 From Net=PE1
