Removed Pin From Net: NetName=PC10 Pin=*1-1
Removed Pin From Net: NetName=PC11 Pin=*1-2
Removed Pin From Net: NetName=PD2 Pin=*1-3
Removed Pin From Net: NetName=3V3 Pin=*1-4
Removed Pin From Net: NetName=PC12 Pin=*1-5
Removed Pin From Net: NetName=GND Pin=*1-6
Removed Pin From Net: NetName=PC8 Pin=*1-7
Removed Pin From Net: NetName=PC9 Pin=*1-8
Removed Pin From Net: NetName=3V3 Pin=C2-1
Removed Pin From Net: NetName=GND Pin=C2-2
Removed Pin From Net: NetName=GND Pin=TFT-1
Removed Pin From Net: NetName=PB15 Pin=TFT-2
Removed Pin From Net: NetName=PB13 Pin=TFT-3
Removed Pin From Net: NetName=PB12 Pin=TFT-4
Removed Pin From Net: NetName=PB14 Pin=TFT-5
Removed Pin From Net: NetName=PC5 Pin=TFT-6
Removed Pin From Net: NetName=PB1 Pin=TFT-7
Removed Member From Class: ClassName=STM32_F4VX_M Member=*1
Removed Member From Class: ClassName=STM32_F4VX_M Member=C2
Removed Member From Class: ClassName=STM32_F4VX_M Member=TFT
Change Component Designator: OldDesignator=RST NewDesignator=RESET1
