Added Component: Designator=*1(TF_SD)
Add component. Clean all parameters for all variants
Added Component: Designator=J2(USB/SM0.8-6H5)
Add component. Clean all parameters for all variants
Added Component: Designator=TFT(HDR1X8)
Add component. Clean all parameters for all variants
Added Pin To Net: NetName=PC10 Pin=*1-1
Added Pin To Net: NetName=PC11 Pin=*1-2
Added Pin To Net: NetName=PD2 Pin=*1-3
Added Pin To Net: NetName=3V3 Pin=*1-4
Added Pin To Net: NetName=PC12 Pin=*1-5
Added Pin To Net: NetName=GND Pin=*1-6
Added Pin To Net: NetName=PC8 Pin=*1-7
Added Pin To Net: NetName=PC9 Pin=*1-8
Added Pin To Net: NetName=NetJ2_1 Pin=J2-1
Added Pin To Net: NetName=NetJ2_2 Pin=J2-2
Added Pin To Net: NetName=NetJ2_3 Pin=J2-3
Added Pin To Net: NetName=GND Pin=J2-5
Added Pin To Net: NetName=GND Pin=J2-6
Added Pin To Net: NetName=GND Pin=J2-7
Added Pin To Net: NetName=GND Pin=J2-8
Added Pin To Net: NetName=GND Pin=J2-9
Added Pin To Net: NetName=GND Pin=TFT-1
Added Pin To Net: NetName=PB15 Pin=TFT-2
Added Pin To Net: NetName=PB13 Pin=TFT-3
Added Pin To Net: NetName=PB12 Pin=TFT-4
Added Pin To Net: NetName=PB14 Pin=TFT-5
Added Pin To Net: NetName=PC5 Pin=TFT-6
Added Pin To Net: NetName=PB1 Pin=TFT-7
Added Member To Class: ClassName=STM32_F4VX_M Member=Component *1 MiniSD
Added Member To Class: ClassName=STM32_F4VX_M Member=Component J2 MiniUSB
Added Member To Class: ClassName=STM32_F4VX_M Member=Component TFT 8_header
