Added Component: Designator=*1(TSSOP-20)
Add component. Clean all parameters for all variants
Added Component: Designator=C1(C0603)
Add component. Clean all parameters for all variants
Added Component: Designator=C2(C0603)
Add component. Clean all parameters for all variants
Add component (AddParameter): Name = "Value"; Value = "4.7uF"; VariantName = "[No Variations]"
Added Component: Designator=C3(C0603)
Add component. Clean all parameters for all variants
Added Component: Designator=C4(C0603)
Add component. Clean all parameters for all variants
Added Component: Designator=C5(C0603)
Add component. Clean all parameters for all variants
Added Component: Designator=C6(C0603)
Add component. Clean all parameters for all variants
Add component (AddParameter): Name = ""; Value = ""; VariantName = "[No Variations]"
Added Component: Designator=C7(C0603)
Add component. Clean all parameters for all variants
Add component (AddParameter): Name = ""; Value = ""; VariantName = "[No Variations]"
Added Component: Designator=C8(C0603)
Add component. Clean all parameters for all variants
Add component (AddParameter): Name = ""; Value = ""; VariantName = "[No Variations]"
Added Component: Designator=C9(C0603)
Add component. Clean all parameters for all variants
Add component (AddParameter): Name = ""; Value = ""; VariantName = "[No Variations]"
Added Component: Designator=CN1(HDR1X6)
Add component. Clean all parameters for all variants
Add component (AddParameter): Name = "Class"; Value = "Connector"; VariantName = "[No Variations]"
Add component (AddParameter): Name = "Manufacturer"; Value = "Generic Components"; VariantName = "[No Variations]"
Added Component: Designator=CN2(SIP2)
Add component. Clean all parameters for all variants
Add component (AddParameter): Name = "LatestRevisionDate"; Value = "17-Jul-2002"; VariantName = "[No Variations]"
Add component (AddParameter): Name = "LatestRevisionNote"; Value = "Re-released for DXP Platform."; VariantName = "[No Variations]"
Add component (AddParameter): Name = "PackageReference"; Value = "RAD-0.2"; VariantName = "[No Variations]"
Add component (AddParameter): Name = "Published"; Value = "24-Mar-1999"; VariantName = "[No Variations]"
Add component (AddParameter): Name = "Publisher"; Value = "Altium Limited"; VariantName = "[No Variations]"
Added Component: Designator=J1(DB-1X10)
Add component. Clean all parameters for all variants
Added Component: Designator=J2(DB-1X10)
Add component. Clean all parameters for all variants
Added Component: Designator=LED1(LED0603)
Add component. Clean all parameters for all variants
Added Component: Designator=PWR1(LED0603)
Add component. Clean all parameters for all variants
Added Component: Designator=PwrTest1(SIP2)
Add component. Clean all parameters for all variants
Add component (AddParameter): Name = "LatestRevisionDate"; Value = "17-Jul-2002"; VariantName = "[No Variations]"
Add component (AddParameter): Name = "LatestRevisionNote"; Value = "Re-released for DXP Platform."; VariantName = "[No Variations]"
Add component (AddParameter): Name = "PackageReference"; Value = "RAD-0.2"; VariantName = "[No Variations]"
Add component (AddParameter): Name = "Published"; Value = "24-Mar-1999"; VariantName = "[No Variations]"
Add component (AddParameter): Name = "Publisher"; Value = "Altium Limited"; VariantName = "[No Variations]"
Added Component: Designator=R1(R0603)
Add component. Clean all parameters for all variants
Add component (AddParameter): Name = ""; Value = ""; VariantName = "[No Variations]"
Added Component: Designator=R2(R0603)
Add component. Clean all parameters for all variants
Add component (AddParameter): Name = ""; Value = ""; VariantName = "[No Variations]"
Added Component: Designator=R3(R0603)
Add component. Clean all parameters for all variants
Add component (AddParameter): Name = ""; Value = ""; VariantName = "[No Variations]"
Added Component: Designator=R4(R0603)
Add component. Clean all parameters for all variants
Add component (AddParameter): Name = ""; Value = ""; VariantName = "[No Variations]"
Added Component: Designator=RST1(PUSHBUTTON-4.2*3.25)
Add component. Clean all parameters for all variants
Added Component: Designator=USER1(PUSHBUTTON-4.2*3.25)
Add component. Clean all parameters for all variants
Added Component: Designator=Y1(32.768K)
Add component. Clean all parameters for all variants
Added Component: Designator=Y2(49s)
Add component. Clean all parameters for all variants
Added Pin To Net: NetName=BOOT Pin=CN1-5
Added Net: Name=BOOT
Added Pin To Net: NetName=DVDD Pin=*1-9
Added Pin To Net: NetName=DVDD Pin=C6-1
Added Pin To Net: NetName=DVDD Pin=C7-1
Added Pin To Net: NetName=DVDD Pin=PwrTest1-1
Added Net: Name=DVDD
Added Pin To Net: NetName=GND Pin=*1-7
Added Pin To Net: NetName=GND Pin=C1-1
Added Pin To Net: NetName=GND Pin=C2-1
Added Pin To Net: NetName=GND Pin=C3-1
Added Pin To Net: NetName=GND Pin=C4-2
Added Pin To Net: NetName=GND Pin=C5-2
Added Pin To Net: NetName=GND Pin=C6-2
Added Pin To Net: NetName=GND Pin=C7-2
Added Pin To Net: NetName=GND Pin=C8-2
Added Pin To Net: NetName=GND Pin=C9-2
Added Pin To Net: NetName=GND Pin=CN1-4
Added Pin To Net: NetName=GND Pin=CN2-2
Added Pin To Net: NetName=GND Pin=R1-1
Added Pin To Net: NetName=GND Pin=R4-1
Added Pin To Net: NetName=GND Pin=RST1-2
Added Pin To Net: NetName=GND Pin=RST1-4
Added Pin To Net: NetName=GND Pin=USER1-2
Added Pin To Net: NetName=GND Pin=USER1-4
Added Net: Name=GND
Added Pin To Net: NetName=NetC1_2 Pin=C1-2
Added Pin To Net: NetName=NetC1_2 Pin=Y1-2
Added Net: Name=NetC1_2
Added Pin To Net: NetName=NetC3_2 Pin=C3-2
Added Pin To Net: NetName=NetC3_2 Pin=Y1-1
Added Net: Name=NetC3_2
Added Pin To Net: NetName=NetC4_1 Pin=C4-1
Added Pin To Net: NetName=NetC4_1 Pin=Y2-2
Added Net: Name=NetC4_1
Added Pin To Net: NetName=NetC5_1 Pin=C5-1
Added Pin To Net: NetName=NetC5_1 Pin=Y2-1
Added Net: Name=NetC5_1
Added Pin To Net: NetName=NetLED1_2 Pin=LED1-2
Added Pin To Net: NetName=NetLED1_2 Pin=R4-2
Added Net: Name=NetLED1_2
Added Pin To Net: NetName=NetPWR1_2 Pin=PWR1-2
Added Pin To Net: NetName=NetPWR1_2 Pin=R1-2
Added Net: Name=NetPWR1_2
Added Pin To Net: NetName=P00 Pin=*1-4
Added Net: Name=P00
Added Pin To Net: NetName=P01 Pin=*1-5
Added Net: Name=P01
Added Pin To Net: NetName=P02 Pin=*1-6
Added Net: Name=P02
Added Pin To Net: NetName=P03 Pin=*1-10
Added Pin To Net: NetName=P03 Pin=LED1-1
Added Net: Name=P03
Added Pin To Net: NetName=P14 Pin=*1-12
Added Net: Name=P14
Added Pin To Net: NetName=P15 Pin=*1-11
Added Net: Name=P15
Added Net: Name=P22
Added Pin To Net: NetName=P23 Pin=*1-13
Added Net: Name=P23
Added Pin To Net: NetName=P24 Pin=*1-14
Added Net: Name=P24
Added Pin To Net: NetName=P25 Pin=*1-15
Added Net: Name=P25
Added Pin To Net: NetName=P26 Pin=*1-16
Added Net: Name=P26
Added Pin To Net: NetName=P27 Pin=*1-17
Added Net: Name=P27
Added Pin To Net: NetName=P31 Pin=*1-18
Added Net: Name=P31
Added Pin To Net: NetName=P32 Pin=*1-19
Added Net: Name=P32
Added Pin To Net: NetName=P33 Pin=*1-20
Added Pin To Net: NetName=P33 Pin=C9-1
Added Pin To Net: NetName=P33 Pin=R3-2
Added Pin To Net: NetName=P33 Pin=USER1-1
Added Pin To Net: NetName=P33 Pin=USER1-3
Added Net: Name=P33
Added Pin To Net: NetName=P34 Pin=*1-1
Added Net: Name=P34
Added Pin To Net: NetName=P35 Pin=*1-2
Added Net: Name=P35
Added Pin To Net: NetName=P36 Pin=*1-3
Added Net: Name=P36
Added Pin To Net: NetName=RSTB Pin=C8-1
Added Pin To Net: NetName=RSTB Pin=CN1-6
Added Pin To Net: NetName=RSTB Pin=R2-2
Added Pin To Net: NetName=RSTB Pin=RST1-1
Added Pin To Net: NetName=RSTB Pin=RST1-3
Added Net: Name=RSTB
Added Pin To Net: NetName=SWCLK Pin=CN1-2
Added Net: Name=SWCLK
Added Pin To Net: NetName=SWDIO Pin=CN1-3
Added Net: Name=SWDIO
Added Pin To Net: NetName=VCAP Pin=*1-8
Added Pin To Net: NetName=VCAP Pin=C2-2
Added Net: Name=VCAP
Added Pin To Net: NetName=VCC Pin=CN1-1
Added Pin To Net: NetName=VCC Pin=CN2-1
Added Pin To Net: NetName=VCC Pin=PWR1-1
Added Pin To Net: NetName=VCC Pin=PwrTest1-2
Added Pin To Net: NetName=VCC Pin=R2-1
Added Pin To Net: NetName=VCC Pin=R3-1
Added Net: Name=VCC
Added Class: Name=HC32F005
