Removed Pin From Net: NetName=P27 Pin=CN1-3
Removed Pin From Net: NetName=P31 Pin=CN1-4
Added Component: Designator=R5(R0603)
Add component. Clean all parameters for all variants
Add component (AddParameter): Name = ""; Value = ""; VariantName = "[No Variations]"
Added Component: Designator=R6(R0603)
Add component. Clean all parameters for all variants
Add component (AddParameter): Name = ""; Value = ""; VariantName = "[No Variations]"
Added Component: Designator=R7(R0603)
Add component. Clean all parameters for all variants
Add component (AddParameter): Name = ""; Value = ""; VariantName = "[No Variations]"
Added Component: Designator=R8(R0603)
Add component. Clean all parameters for all variants
Add component (AddParameter): Name = ""; Value = ""; VariantName = "[No Variations]"
Added Pin To Net: NetName=P27 Pin=R5-2
Added Pin To Net: NetName=P31 Pin=R6-2
Added Pin To Net: NetName=DVDD Pin=R7-1
Added Pin To Net: NetName=P02 Pin=R7-2
Added Pin To Net: NetName=DVDD Pin=R8-1
Added Pin To Net: NetName=P01 Pin=R8-2
Added Pin To Net: NetName=NetCN1_3 Pin=CN1-3
Added Pin To Net: NetName=NetCN1_3 Pin=R5-1
Added Net: Name=NetCN1_3
Added Pin To Net: NetName=NetCN1_4 Pin=CN1-4
Added Pin To Net: NetName=NetCN1_4 Pin=R6-1
Added Net: Name=NetCN1_4
Added Member To Class: ClassName=HC32F005 Member=Component R5 100R
Added Member To Class: ClassName=HC32F005 Member=Component R6 100R
Added Member To Class: ClassName=HC32F005 Member=Component R7 1k
Added Member To Class: ClassName=HC32F005 Member=Component R8 1k
